This file contains any messages produced by compilers while
running configure, to aid debugging if configure makes a mistake.

It was created by exmpp configure 0.9.5, which was
generated by GNU Autoconf 2.65.  Invocation command line was

  $ ./configure 

## --------- ##
## Platform. ##
## --------- ##

hostname = wxp-linyj
uname -m = i686
uname -r = 1.7.5(0.225/5/3)
uname -s = CYGWIN_NT-5.1
uname -v = 2010-04-12 19:07

/usr/bin/uname -p = unknown
/bin/uname -X     = unknown

/bin/arch              = i686
/usr/bin/arch -k       = unknown
/usr/convex/getsysinfo = unknown
/usr/bin/hostinfo      = unknown
/bin/machine           = unknown
/usr/bin/oslevel       = unknown
/bin/universe          = unknown

PATH: /usr/local/bin
PATH: /usr/bin
PATH: /bin
PATH: /cygdrive/c/WINDOWS/system32
PATH: /cygdrive/c/WINDOWS
PATH: /cygdrive/c/WINDOWS/System32/Wbem
PATH: /cygdrive/c/Program Files/TortoiseSVN/bin
PATH: /cygdrive/c/Program Files/Common Files/Thunder Network/KanKan/Codecs
PATH: /cygdrive/c/WINDOWS/system32/WindowsPowerShell/v1.0
PATH: /cygdrive/c/Program Files/Lua/5.1
PATH: /cygdrive/c/Program Files/Lua/5.1/clibs
PATH: /cygdrive/c/Program Files/Autodesk/Backburner/
PATH: /cygdrive/c/Program Files/Common Files/Autodesk Shared/
PATH: /cygdrive/d/emacs-23.1/bin
PATH: /cygdrive/d/erl5.7.5/bin
PATH: /usr/bin
PATH: /cygdrive/c/Python26
PATH: /cygdrive/c/program Files/Lua/5.1
PATH: /cygdrive/c/Program Files/IDM Computer Solutions/UltraEdit/


## ----------- ##
## Core tests. ##
## ----------- ##

configure:2483: checking build system type
configure:2497: result: i686-pc-cygwin
configure:2517: checking host system type
configure:2530: result: i686-pc-cygwin
configure:2550: checking target system type
configure:2563: result: i686-pc-cygwin
configure:2605: checking for a BSD-compatible install
configure:2673: result: /usr/bin/install -c
configure:2684: checking whether build environment is sane
configure:2734: result: yes
configure:2875: checking for a thread-safe mkdir -p
configure:2914: result: /usr/bin/mkdir -p
configure:2927: checking for gawk
configure:2943: found /usr/bin/gawk
configure:2954: result: gawk
configure:2965: checking whether make sets $(MAKE)
configure:2987: result: yes
configure:3110: checking for style of include used by make
configure:3138: result: GNU
configure:3208: checking for gcc
configure:3224: found /usr/bin/gcc
configure:3235: result: gcc
configure:3464: checking for C compiler version
configure:3473: gcc --version >&5
gcc (GCC) 3.4.4 (cygming special, gdc 0.12, using dmd 0.125)
Copyright (C) 2004 Free Software Foundation, Inc.
This is free software; see the source for copying conditions.  There is NO
warranty; not even for MERCHANTABILITY or FITNESS FOR A PARTICULAR PURPOSE.

configure:3484: $? = 0
configure:3473: gcc -v >&5
Reading specs from /usr/lib/gcc/i686-pc-cygwin/3.4.4/specs
Configured with: /managed/gcc-build/final-v3-bootstrap/gcc-3.4.4-999/configure --verbose --program-suffix=-3 --prefix=/usr --exec-prefix=/usr --sysconfdir=/etc --libdir=/usr/lib --libexecdir=/usr/lib --mandir=/usr/share/man --infodir=/usr/share/info --enable-languages=c,ada,c++,d,f77,pascal,java,objc --enable-nls --without-included-gettext --enable-version-specific-runtime-libs --without-x --enable-libgcj --disable-java-awt --with-system-zlib --enable-interpreter --disable-libgcj-debug --enable-threads=posix --enable-java-gc=boehm --disable-win32-registry --enable-sjlj-exceptions --enable-hash-synchronization --enable-libstdcxx-debug
Thread model: posix
gcc version 3.4.4 (cygming special, gdc 0.12, using dmd 0.125)
configure:3484: $? = 0
configure:3473: gcc -V >&5
gcc: `-V' option must have argument
configure:3484: $? = 1
configure:3473: gcc -qversion >&5
gcc: unrecognized option `-qversion'
gcc: no input files
configure:3484: $? = 1
configure:3504: checking whether the C compiler works
configure:3526: gcc    conftest.c  >&5
configure:3530: $? = 0
configure:3579: result: yes
configure:3582: checking for C compiler default output file name
configure:3584: result: a.exe
configure:3590: checking for suffix of executables
configure:3597: gcc -o conftest.exe    conftest.c  >&5
configure:3601: $? = 0
configure:3623: result: .exe
configure:3645: checking whether we are cross compiling
configure:3653: gcc -o conftest.exe    conftest.c  >&5
configure:3657: $? = 0
configure:3664: ./conftest.exe
configure:3668: $? = 0
configure:3683: result: no
configure:3688: checking for suffix of object files
configure:3710: gcc -c   conftest.c >&5
configure:3714: $? = 0
configure:3735: result: o
configure:3739: checking whether we are using the GNU C compiler
configure:3758: gcc -c   conftest.c >&5
configure:3758: $? = 0
configure:3767: result: yes
configure:3776: checking whether gcc accepts -g
configure:3796: gcc -c -g  conftest.c >&5
configure:3796: $? = 0
configure:3837: result: yes
configure:3854: checking for gcc option to accept ISO C89
configure:3918: gcc  -c -g -O2  conftest.c >&5
configure:3918: $? = 0
configure:3931: result: none needed
configure:3953: checking dependency style of gcc
configure:4063: result: gcc3
configure:4082: checking for gcc option to accept ISO C99
configure:4231: gcc  -c -g -O2  conftest.c >&5
conftest.c:61: error: parse error before "text"
conftest.c: In function `test_restrict':
conftest.c:66: error: 'for' loop initial declaration used outside C99 mode
conftest.c:66: error: `text' undeclared (first use in this function)
conftest.c:66: error: (Each undeclared identifier is reported only once
conftest.c:66: error: for each function it appears in.)
conftest.c: In function `main':
conftest.c:115: error: syntax error before "newvar"
conftest.c:125: error: 'for' loop initial declaration used outside C99 mode
conftest.c:141: error: `newvar' undeclared (first use in this function)
configure:4231: $? = 1
configure: failed program was:
| /* confdefs.h */
| #define PACKAGE_NAME "exmpp"
| #define PACKAGE_TARNAME "exmpp"
| #define PACKAGE_VERSION "0.9.5"
| #define PACKAGE_STRING "exmpp 0.9.5"
| #define PACKAGE_BUGREPORT "js.pedron@meetic-corp.com"
| #define PACKAGE_URL ""
| #define PACKAGE "exmpp"
| #define VERSION "0.9.5"
| /* end confdefs.h.  */
| #include <stdarg.h>
| #include <stdbool.h>
| #include <stdlib.h>
| #include <wchar.h>
| #include <stdio.h>
| 
| // Check varargs macros.  These examples are taken from C99 6.10.3.5.
| #define debug(...) fprintf (stderr, __VA_ARGS__)
| #define showlist(...) puts (#__VA_ARGS__)
| #define report(test,...) ((test) ? puts (#test) : printf (__VA_ARGS__))
| static void
| test_varargs_macros (void)
| {
|   int x = 1234;
|   int y = 5678;
|   debug ("Flag");
|   debug ("X = %d\n", x);
|   showlist (The first, second, and third items.);
|   report (x>y, "x is %d but y is %d", x, y);
| }
| 
| // Check long long types.
| #define BIG64 18446744073709551615ull
| #define BIG32 4294967295ul
| #define BIG_OK (BIG64 / BIG32 == 4294967297ull && BIG64 % BIG32 == 0)
| #if !BIG_OK
|   your preprocessor is broken;
| #endif
| #if BIG_OK
| #else
|   your preprocessor is broken;
| #endif
| static long long int bignum = -9223372036854775807LL;
| static unsigned long long int ubignum = BIG64;
| 
| struct incomplete_array
| {
|   int datasize;
|   double data[];
| };
| 
| struct named_init {
|   int number;
|   const wchar_t *name;
|   double average;
| };
| 
| typedef const char *ccp;
| 
| static inline int
| test_restrict (ccp restrict text)
| {
|   // See if C++-style comments work.
|   // Iterate through items via the restricted pointer.
|   // Also check for declarations in for loops.
|   for (unsigned int i = 0; *(text+i) != '\0'; ++i)
|     continue;
|   return 0;
| }
| 
| // Check varargs and va_copy.
| static void
| test_varargs (const char *format, ...)
| {
|   va_list args;
|   va_start (args, format);
|   va_list args_copy;
|   va_copy (args_copy, args);
| 
|   const char *str;
|   int number;
|   float fnumber;
| 
|   while (*format)
|     {
|       switch (*format++)
| 	{
| 	case 's': // string
| 	  str = va_arg (args_copy, const char *);
| 	  break;
| 	case 'd': // int
| 	  number = va_arg (args_copy, int);
| 	  break;
| 	case 'f': // float
| 	  fnumber = va_arg (args_copy, double);
| 	  break;
| 	default:
| 	  break;
| 	}
|     }
|   va_end (args_copy);
|   va_end (args);
| }
| 
| int
| main ()
| {
| 
|   // Check bool.
|   _Bool success = false;
| 
|   // Check restrict.
|   if (test_restrict ("String literal") == 0)
|     success = true;
|   char *restrict newvar = "Another string";
| 
|   // Check varargs.
|   test_varargs ("s, d' f .", "string", 65, 34.234);
|   test_varargs_macros ();
| 
|   // Check flexible array members.
|   struct incomplete_array *ia =
|     malloc (sizeof (struct incomplete_array) + (sizeof (double) * 10));
|   ia->datasize = 10;
|   for (int i = 0; i < ia->datasize; ++i)
|     ia->data[i] = i * 1.234;
| 
|   // Check named initializers.
|   struct named_init ni = {
|     .number = 34,
|     .name = L"Test wide string",
|     .average = 543.34343,
|   };
| 
|   ni.number = 58;
| 
|   int dynamic_array[ni.number];
|   dynamic_array[ni.number - 1] = 543;
| 
|   // work around unused variable warnings
|   return (!success || bignum == 0LL || ubignum == 0uLL || newvar[0] == 'x'
| 	  || dynamic_array[ni.number - 1] != 543);
| 
|   ;
|   return 0;
| }
configure:4231: gcc -std=gnu99 -c -g -O2  conftest.c >&5
configure:4231: $? = 0
configure:4251: result: -std=gnu99
configure:4353: checking for gcc -std=gnu99 option to accept ISO Standard C
configure:4367: result: -std=gnu99
configure:4372: checking for a sed that does not truncate output
configure:4436: result: /usr/bin/sed
configure:4454: checking for grep that handles long lines and -e
configure:4512: result: /usr/bin/grep
configure:4517: checking for egrep
configure:4579: result: /usr/bin/grep -E
configure:4584: checking for fgrep
configure:4646: result: /usr/bin/grep -F
configure:4681: checking for ld used by gcc -std=gnu99
configure:4748: result: /usr/i686-pc-cygwin/bin/ld.exe
configure:4755: checking if the linker (/usr/i686-pc-cygwin/bin/ld.exe) is GNU ld
configure:4770: result: yes
configure:4783: checking whether make sets $(MAKE)
configure:4805: result: yes
configure:4814: checking for a sed that does not truncate output
configure:4878: result: /usr/bin/sed
configure:4892: checking for gawk
configure:4919: result: gawk
configure:5071: checking for BSD- or MS-compatible name lister (nm)
configure:5120: result: /usr/bin/nm -B
configure:5238: checking the name lister (/usr/bin/nm -B) interface
configure:5245: gcc -std=gnu99 -c -g -O2  conftest.c >&5
configure:5248: /usr/bin/nm -B "conftest.o"
configure:5251: output
00000000 b .bss
00000000 d .data
00000000 N .stab
00000000 N .stabstr
00000000 t .text
00000000 B _some_variable
configure:5258: result: BSD nm
configure:5261: checking whether ln -s works
configure:5265: result: yes
configure:5273: checking the maximum length of command line arguments
configure:5393: result: 8192
configure:5410: checking whether the shell understands some XSI constructs
configure:5420: result: yes
configure:5424: checking whether the shell understands "+="
configure:5430: result: yes
configure:5465: checking for /usr/i686-pc-cygwin/bin/ld.exe option to reload object files
configure:5472: result: -r
configure:5541: checking for objdump
configure:5557: found /usr/bin/objdump
configure:5568: result: objdump
configure:5600: checking how to recognize dependent libraries
configure:5796: result: file_magic ^x86 archive import|^x86 DLL
configure:5856: checking for ar
configure:5872: found /usr/bin/ar
configure:5883: result: ar
configure:5961: checking for strip
configure:5977: found /usr/bin/strip
configure:5988: result: strip
configure:6060: checking for ranlib
configure:6076: found /usr/bin/ranlib
configure:6087: result: ranlib
configure:6177: checking command to parse /usr/bin/nm -B output from gcc -std=gnu99 object
configure:6295: gcc -std=gnu99 -c -g -O2  conftest.c >&5
configure:6298: $? = 0
configure:6302: /usr/bin/nm -B conftest.o \| sed -n -e 's/^.*[	 ]\([ABCDGIRSTW][ABCDGIRSTW]*\)[	 ][	 ]*\([_A-Za-z][_A-Za-z0-9]*\)$/\1 \2 \2/p' \> conftest.nm
configure:6305: $? = 0
cannot find nm_test_var in conftest.nm
configure:6295: gcc -std=gnu99 -c -g -O2  conftest.c >&5
configure:6298: $? = 0
configure:6302: /usr/bin/nm -B conftest.o \| sed -n -e 's/^.*[	 ]\([ABCDGIRSTW][ABCDGIRSTW]*\)[	 ][	 ]*_\([_A-Za-z][_A-Za-z0-9]*\)$/\1 _\2 \2/p' \> conftest.nm
configure:6305: $? = 0
configure:6359: gcc -std=gnu99 -o conftest.exe -g -O2   conftest.c conftstm.o >&5
configure:6362: $? = 0
configure:6400: result: ok
configure:7209: checking how to run the C preprocessor
configure:7240: gcc -std=gnu99 -E  conftest.c
configure:7240: $? = 0
configure:7254: gcc -std=gnu99 -E  conftest.c
conftest.c:11:28: ac_nonexistent.h: No such file or directory
configure:7254: $? = 1
configure: failed program was:
| /* confdefs.h */
| #define PACKAGE_NAME "exmpp"
| #define PACKAGE_TARNAME "exmpp"
| #define PACKAGE_VERSION "0.9.5"
| #define PACKAGE_STRING "exmpp 0.9.5"
| #define PACKAGE_BUGREPORT "js.pedron@meetic-corp.com"
| #define PACKAGE_URL ""
| #define PACKAGE "exmpp"
| #define VERSION "0.9.5"
| /* end confdefs.h.  */
| #include <ac_nonexistent.h>
configure:7279: result: gcc -std=gnu99 -E
configure:7299: gcc -std=gnu99 -E  conftest.c
configure:7299: $? = 0
configure:7313: gcc -std=gnu99 -E  conftest.c
conftest.c:11:28: ac_nonexistent.h: No such file or directory
configure:7313: $? = 1
configure: failed program was:
| /* confdefs.h */
| #define PACKAGE_NAME "exmpp"
| #define PACKAGE_TARNAME "exmpp"
| #define PACKAGE_VERSION "0.9.5"
| #define PACKAGE_STRING "exmpp 0.9.5"
| #define PACKAGE_BUGREPORT "js.pedron@meetic-corp.com"
| #define PACKAGE_URL ""
| #define PACKAGE "exmpp"
| #define VERSION "0.9.5"
| /* end confdefs.h.  */
| #include <ac_nonexistent.h>
configure:7342: checking for ANSI C header files
configure:7362: gcc -std=gnu99 -c -g -O2  conftest.c >&5
configure:7362: $? = 0
configure:7435: gcc -std=gnu99 -o conftest.exe -g -O2   conftest.c  >&5
configure:7435: $? = 0
configure:7435: ./conftest.exe
configure:7435: $? = 0
configure:7446: result: yes
configure:7459: checking for sys/types.h
configure:7459: gcc -std=gnu99 -c -g -O2  conftest.c >&5
configure:7459: $? = 0
configure:7459: result: yes
configure:7459: checking for sys/stat.h
configure:7459: gcc -std=gnu99 -c -g -O2  conftest.c >&5
configure:7459: $? = 0
configure:7459: result: yes
configure:7459: checking for stdlib.h
configure:7459: gcc -std=gnu99 -c -g -O2  conftest.c >&5
configure:7459: $? = 0
configure:7459: result: yes
configure:7459: checking for string.h
configure:7459: gcc -std=gnu99 -c -g -O2  conftest.c >&5
configure:7459: $? = 0
configure:7459: result: yes
configure:7459: checking for memory.h
configure:7459: gcc -std=gnu99 -c -g -O2  conftest.c >&5
configure:7459: $? = 0
configure:7459: result: yes
configure:7459: checking for strings.h
configure:7459: gcc -std=gnu99 -c -g -O2  conftest.c >&5
configure:7459: $? = 0
configure:7459: result: yes
configure:7459: checking for inttypes.h
configure:7459: gcc -std=gnu99 -c -g -O2  conftest.c >&5
configure:7459: $? = 0
configure:7459: result: yes
configure:7459: checking for stdint.h
configure:7459: gcc -std=gnu99 -c -g -O2  conftest.c >&5
configure:7459: $? = 0
configure:7459: result: yes
configure:7459: checking for unistd.h
configure:7459: gcc -std=gnu99 -c -g -O2  conftest.c >&5
configure:7459: $? = 0
configure:7459: result: yes
configure:7474: checking for dlfcn.h
configure:7474: gcc -std=gnu99 -c -g -O2  conftest.c >&5
configure:7474: $? = 0
configure:7474: result: yes
configure:7598: checking for objdir
configure:7613: result: .libs
configure:7909: checking if gcc -std=gnu99 supports -fno-rtti -fno-exceptions
configure:7927: gcc -std=gnu99 -c -g -O2  -fno-rtti -fno-exceptions conftest.c >&5
cc1: warning: command line option "-fno-rtti" is valid for C++/ObjC++ but not for C
configure:7931: $? = 0
configure:7944: result: no
configure:7964: checking for gcc -std=gnu99 option to produce PIC
configure:8236: result: -DDLL_EXPORT -DPIC
configure:8248: checking if gcc -std=gnu99 PIC flag -DDLL_EXPORT -DPIC works
configure:8266: gcc -std=gnu99 -c -g -O2  -DDLL_EXPORT -DPIC -DPIC conftest.c >&5
configure:8270: $? = 0
configure:8283: result: yes
configure:8307: checking if gcc -std=gnu99 static flag -static works
configure:8335: result: yes
configure:8350: checking if gcc -std=gnu99 supports -c -o file.o
configure:8371: gcc -std=gnu99 -c -g -O2  -o out/conftest2.o conftest.c >&5
configure:8375: $? = 0
configure:8397: result: yes
configure:8405: checking if gcc -std=gnu99 supports -c -o file.o
configure:8452: result: yes
configure:8485: checking whether the gcc -std=gnu99 linker (/usr/i686-pc-cygwin/bin/ld.exe) supports shared libraries
configure:9475: result: yes
configure:9512: checking whether -lc should be explicitly linked in
configure:9517: gcc -std=gnu99 -c -g -O2  conftest.c >&5
configure:9520: $? = 0
configure:9535: gcc -std=gnu99 -shared conftest.o  -v -o ./conftest -Wl,--enable-auto-image-base -Xlinker --out-implib -Xlinker conftest 2\>\&1 \| /usr/bin/grep  -lc  \>/dev/null 2\>\&1
configure:9538: $? = 1
configure:9550: result: yes
configure:9714: checking dynamic linker characteristics
configure:10377: result: Win32 ld.exe
configure:10479: checking how to hardcode library paths into programs
configure:10504: result: immediate
configure:11024: checking whether stripping libraries is possible
configure:11029: result: yes
configure:11064: checking if libtool supports shared libraries
configure:11066: result: yes
configure:11069: checking whether to build shared libraries
configure:11090: result: yes
configure:11093: checking whether to build static libraries
configure:11097: result: no
configure:11248: Erlang environment
configure:11313: checking for erl
configure:11331: found /cygdrive/d/erl5.7.5/bin/erl
configure:11343: result: /cygdrive/d/erl5.7.5/bin/erl
configure:11418: checking for erlc
configure:11436: found /cygdrive/d/erl5.7.5/bin/erlc
configure:11448: result: /cygdrive/d/erl5.7.5/bin/erlc
configure:11699: checking for escript
configure:11717: found /cygdrive/d/erl5.7.5/bin/escript
configure:11729: result: /cygdrive/d/erl5.7.5/bin/escript
configure:11797: checking for erlc
configure:11799: result: /cygdrive/d/erl5.7.5/bin/erlc
configure:11907: checking for erl
configure:11909: result: /cygdrive/d/erl5.7.5/bin/erl
configure:12016: checking for Erlang/OTP root directory
configure:12042: $ERLC $ERLCFLAGS -b beam conftest.$ac_ext >&5 && echo "#!/bin/sh" > conftest$ac_exeext && $as_echo "\"$ERL\" -run conftest start -run init stop -noshell" >> conftest$ac_exeext && chmod +x conftest$ac_exeext
configure:12042: $? = 0
configure:12042: ./conftest.exe
configure:12042: $? = 0
configure:12063: result: d:/ERL57~1.5
configure:12068: checking for Erlang/OTP library base directory
configure:12094: $ERLC $ERLCFLAGS -b beam conftest.$ac_ext >&5 && echo "#!/bin/sh" > conftest$ac_exeext && $as_echo "\"$ERL\" -run conftest start -run init stop -noshell" >> conftest$ac_exeext && chmod +x conftest$ac_exeext
configure:12094: $? = 0
configure:12094: ./conftest.exe
configure:12094: $? = 0
configure:12115: result: d:/ERL57~1.5/lib
configure:12122: checking for Erlang/OTP ERTS version
configure:12147: $ERLC $ERLCFLAGS -b beam conftest.$ac_ext >&5 && echo "#!/bin/sh" > conftest$ac_exeext && $as_echo "\"$ERL\" -run conftest start -run init stop -noshell" >> conftest$ac_exeext && chmod +x conftest$ac_exeext
configure:12147: $? = 0
configure:12147: ./conftest.exe
configure:12147: $? = 0
configure:12170: result: 5.7.5
configure:12172: checking for Erlang/OTP ERTS directory
configure:12184: result: d:/ERL57~1.5/erts-5.7.5
configure:12195: checking for Erlang/OTP release
configure:12220: $ERLC $ERLCFLAGS -b beam conftest.$ac_ext >&5 && echo "#!/bin/sh" > conftest$ac_exeext && $as_echo "\"$ERL\" -run conftest start -run init stop -noshell" >> conftest$ac_exeext && chmod +x conftest$ac_exeext
configure:12220: $? = 0
configure:12220: ./conftest.exe
configure:12220: $? = 0
configure:12243: result: R13B04
configure:12289: checking for Erlang/OTP 'erl_interface' library subdirectory
configure:12320: $ERLC $ERLCFLAGS -b beam conftest.$ac_ext >&5 && echo "#!/bin/sh" > conftest$ac_exeext && $as_echo "\"$ERL\" -run conftest start -run init stop -noshell" >> conftest$ac_exeext && chmod +x conftest$ac_exeext
configure:12320: $? = 0
configure:12320: ./conftest.exe
configure:12320: $? = 0
configure:12345: result: d:/ERL57~1.5/lib/erl_interface-3.6.5
configure:12347: checking for Erlang/OTP 'erl_interface' library version
configure:12358: result: 3.6.5
configure:12457: checking for Erlang/OTP library installation base directory
configure:12461: result: d:/ERL57~1.5/lib
configure:12470: checking for Erlang/OTP 'exmpp' library installation subdirectory
configure:12479: result: d:/ERL57~1.5/lib/exmpp-0.9.5
configure:12484: checking for SMP support
configure:12514: result: yes (Erlang R13B04)
configure:12542: XML parsers dependencies
configure:12571: checking expat.h usability
configure:12571: gcc -std=gnu99 -c -g -O2 -Wall -Werror -DNDEBUG   conftest.c >&5
configure:12571: $? = 0
configure:12571: result: yes
configure:12571: checking expat.h presence
configure:12571: gcc -std=gnu99 -E -DNDEBUG   conftest.c
configure:12571: $? = 0
configure:12571: result: yes
configure:12571: checking for expat.h
configure:12571: result: yes
configure:12584: checking for XML_ParserCreate in -lexpat
configure:12609: gcc -std=gnu99 -o conftest.exe -g -O2 -Wall -Werror -DNDEBUG     conftest.c -lexpat   >&5
configure:12609: $? = 0
configure:12618: result: yes
configure:12636: checking for Expat library
configure:12639: result: yes
configure:12717: checking for pkg-config
configure:12750: result: no
configure:12786: checking for LIBXML2
configure:12869: TLS engines dependencies
configure:12898: checking openssl/ssl.h usability
configure:12898: gcc -std=gnu99 -c -g -O2 -Wall -Werror -DNDEBUG   conftest.c >&5
configure:12898: $? = 0
configure:12898: result: yes
configure:12898: checking openssl/ssl.h presence
configure:12898: gcc -std=gnu99 -E -DNDEBUG   conftest.c
configure:12898: $? = 0
configure:12898: result: yes
configure:12898: checking for openssl/ssl.h
configure:12898: result: yes
configure:12911: checking for SSL_CTX_new in -lssl
configure:12936: gcc -std=gnu99 -o conftest.exe -g -O2 -Wall -Werror -DNDEBUG     conftest.c -lssl   >&5
configure:12936: $? = 0
configure:12945: result: yes
configure:12963: checking for OpenSSL library
configure:12966: result: yes
configure:13001: Compression engines dependencies
configure:13030: checking zlib.h usability
configure:13030: gcc -std=gnu99 -c -g -O2 -Wall -Werror -DNDEBUG   conftest.c >&5
configure:13030: $? = 0
configure:13030: result: yes
configure:13030: checking zlib.h presence
configure:13030: gcc -std=gnu99 -E -DNDEBUG   conftest.c
configure:13030: $? = 0
configure:13030: result: yes
configure:13030: checking for zlib.h
configure:13030: result: yes
configure:13043: checking for zlibVersion in -lz
configure:13068: gcc -std=gnu99 -o conftest.exe -g -O2 -Wall -Werror -DNDEBUG     conftest.c -lz   >&5
configure:13068: $? = 0
configure:13077: result: yes
configure:13095: checking for Zlib library
configure:13098: result: yes
configure:13134: Detect Operating System
configure:13371: creating ./config.status

## ---------------------- ##
## Running config.status. ##
## ---------------------- ##

This file was extended by exmpp config.status 0.9.5, which was
generated by GNU Autoconf 2.65.  Invocation command line was

  CONFIG_FILES    = 
  CONFIG_HEADERS  = 
  CONFIG_LINKS    = 
  CONFIG_COMMANDS = 
  $ ./config.status 

on wxp-linyj

config.status:1154: creating c_src/Makefile
config.status:1154: creating include/Makefile
config.status:1154: creating include/internal/Makefile
config.status:1154: creating src/Makefile
config.status:1154: creating src/Emakefile
config.status:1154: creating ebin/Makefile
config.status:1154: creating ebin/exmpp.app
config.status:1154: creating ebin/exmpp.appup
config.status:1154: creating doc/Makefile
config.status:1154: creating testsuite/Makefile
config.status:1154: creating examples/Makefile
config.status:1154: creating examples/Emakefile
config.status:1154: creating Makefile
config.status:1154: creating testsuite/etest
config.status:1154: creating config.h
config.status:1374: executing depfiles commands
config.status:1374: executing libtool commands
configure:15596:  == exmpp 0.9.5 ==
configure:15604: Configuration:
configure:15611:     Prefix:             /usr/local
configure:15618:     Application dir.:   d:/ERL57~1.5/lib/exmpp-0.9.5
configure:15626:     C compiler:         gcc -std=gnu99 -g -O2 -Wall -Werror
configure:15633:     Erlang emulator:    /cygdrive/d/erl5.7.5/bin/erl
configure:15640:     Erlang compiler:    /cygdrive/d/erl5.7.5/bin/erlc
configure:15647:     Erlang interpreter: /cygdrive/d/erl5.7.5/bin/escript
configure:15655:     Debug/warnings:     no/yes
configure:15662:     Compat modules:     no
configure:15669:     Documentation:      yes
configure:15676:     Testsuite:          yes
configure:15683:     Examples:           no
configure:15691:     XML parsers:
configure:15698:       . Expat:          yes
configure:15705:       . LibXML2:        no
configure:15713:     TLS engines:
configure:15720:       . OpenSSL:        yes
configure:15728:     Compression engines:
configure:15735:       . Zlib:           yes

## ---------------- ##
## Cache variables. ##
## ---------------- ##

ac_cv_build=i686-pc-cygwin
ac_cv_c_compiler_gnu=yes
ac_cv_env_CC_set=
ac_cv_env_CC_value=
ac_cv_env_CFLAGS_set=
ac_cv_env_CFLAGS_value=
ac_cv_env_CPPFLAGS_set=
ac_cv_env_CPPFLAGS_value=
ac_cv_env_CPP_set=
ac_cv_env_CPP_value=
ac_cv_env_ERLANG_INSTALL_LIB_DIR_exmpp_set=
ac_cv_env_ERLANG_INSTALL_LIB_DIR_exmpp_value=
ac_cv_env_ERLANG_INSTALL_LIB_DIR_set=
ac_cv_env_ERLANG_INSTALL_LIB_DIR_value=
ac_cv_env_ERLCFLAGS_set=
ac_cv_env_ERLCFLAGS_value=
ac_cv_env_ERLC_set=
ac_cv_env_ERLC_value=
ac_cv_env_ERL_set=
ac_cv_env_ERL_value=
ac_cv_env_ESCRIPT_set=
ac_cv_env_ESCRIPT_value=
ac_cv_env_LDFLAGS_set=
ac_cv_env_LDFLAGS_value=
ac_cv_env_LIBS_set=
ac_cv_env_LIBS_value=
ac_cv_env_LIBXML2_CFLAGS_set=
ac_cv_env_LIBXML2_CFLAGS_value=
ac_cv_env_LIBXML2_LIBS_set=
ac_cv_env_LIBXML2_LIBS_value=
ac_cv_env_PKG_CONFIG_set=
ac_cv_env_PKG_CONFIG_value=
ac_cv_env_build_alias_set=
ac_cv_env_build_alias_value=
ac_cv_env_host_alias_set=
ac_cv_env_host_alias_value=
ac_cv_env_target_alias_set=
ac_cv_env_target_alias_value=
ac_cv_erlang_lib_dir=d:/ERL57~1.5/lib
ac_cv_erlang_lib_dir_erl_interface=d:/ERL57~1.5/lib/erl_interface-3.6.5
ac_cv_erlang_lib_ver_erl_interface=3.6.5
ac_cv_erlang_root_dir=d:/ERL57~1.5
ac_cv_exeext=.exe
ac_cv_header_dlfcn_h=yes
ac_cv_header_expat_h=yes
ac_cv_header_inttypes_h=yes
ac_cv_header_memory_h=yes
ac_cv_header_openssl_ssl_h=yes
ac_cv_header_stdc=yes
ac_cv_header_stdint_h=yes
ac_cv_header_stdlib_h=yes
ac_cv_header_string_h=yes
ac_cv_header_strings_h=yes
ac_cv_header_sys_stat_h=yes
ac_cv_header_sys_types_h=yes
ac_cv_header_unistd_h=yes
ac_cv_header_zlib_h=yes
ac_cv_host=i686-pc-cygwin
ac_cv_lib_expat_XML_ParserCreate=yes
ac_cv_lib_ssl_SSL_CTX_new=yes
ac_cv_lib_z_zlibVersion=yes
ac_cv_objext=o
ac_cv_path_EGREP='/usr/bin/grep -E'
ac_cv_path_ESCRIPT=/cygdrive/d/erl5.7.5/bin/escript
ac_cv_path_FGREP='/usr/bin/grep -F'
ac_cv_path_GREP=/usr/bin/grep
ac_cv_path_SED=/usr/bin/sed
ac_cv_path_ac_pt_ERL=/cygdrive/d/erl5.7.5/bin/erl
ac_cv_path_ac_pt_ERLC=/cygdrive/d/erl5.7.5/bin/erlc
ac_cv_path_install='/usr/bin/install -c'
ac_cv_path_mkdir=/usr/bin/mkdir
ac_cv_prog_AWK=gawk
ac_cv_prog_CPP='gcc -std=gnu99 -E'
ac_cv_prog_ac_ct_AR=ar
ac_cv_prog_ac_ct_CC=gcc
ac_cv_prog_ac_ct_OBJDUMP=objdump
ac_cv_prog_ac_ct_RANLIB=ranlib
ac_cv_prog_ac_ct_STRIP=strip
ac_cv_prog_cc_c89=
ac_cv_prog_cc_c99=-std=gnu99
ac_cv_prog_cc_g=yes
ac_cv_prog_cc_stdc=-std=gnu99
ac_cv_prog_make_make_set=yes
ac_cv_target=i686-pc-cygwin
am_cv_CC_dependencies_compiler_type=gcc3
erlang_cv_erts_dir=d:/ERL57~1.5/erts-5.7.5
erlang_cv_erts_ver=5.7.5
erlang_cv_release=R13B04
lt_cv_deplibs_check_method='file_magic ^x86 archive import|^x86 DLL'
lt_cv_file_magic_cmd=func_win32_libid
lt_cv_file_magic_test_file=
lt_cv_ld_reload_flag=-r
lt_cv_nm_interface='BSD nm'
lt_cv_objdir=.libs
lt_cv_path_LD=/usr/i686-pc-cygwin/bin/ld.exe
lt_cv_path_NM='/usr/bin/nm -B'
lt_cv_prog_compiler_c_o=yes
lt_cv_prog_compiler_pic_works=yes
lt_cv_prog_compiler_rtti_exceptions=no
lt_cv_prog_compiler_static_works=yes
lt_cv_prog_gnu_ld=yes
lt_cv_sys_global_symbol_pipe='sed -n -e '\''s/^.*[	 ]\([ABCDGIRSTW][ABCDGIRSTW]*\)[	 ][	 ]*_\([_A-Za-z][_A-Za-z0-9]*\)$/\1 _\2 \2/p'\'''
lt_cv_sys_global_symbol_to_c_name_address='sed -n -e '\''s/^: \([^ ]*\) $/  {\"\1\", (void *) 0},/p'\'' -e '\''s/^[ABCDGIRSTW]* \([^ ]*\) \([^ ]*\)$/  {"\2", (void *) \&\2},/p'\'''
lt_cv_sys_global_symbol_to_c_name_address_lib_prefix='sed -n -e '\''s/^: \([^ ]*\) $/  {\"\1\", (void *) 0},/p'\'' -e '\''s/^[ABCDGIRSTW]* \([^ ]*\) \(lib[^ ]*\)$/  {"\2", (void *) \&\2},/p'\'' -e '\''s/^[ABCDGIRSTW]* \([^ ]*\) \([^ ]*\)$/  {"lib\2", (void *) \&\2},/p'\'''
lt_cv_sys_global_symbol_to_cdecl='sed -n -e '\''s/^T .* \(.*\)$/extern int \1();/p'\'' -e '\''s/^[ABCDGIRSTW]* .* \(.*\)$/extern char \1;/p'\'''
lt_cv_sys_max_cmd_len=8192

## ----------------- ##
## Output variables. ##
## ----------------- ##

ACLOCAL='${SHELL} /cygdrive/e/work/eq/server/lib/exmpp/ac-aux/missing --run aclocal-1.11'
AMDEPBACKSLASH='\'
AMDEP_FALSE='#'
AMDEP_TRUE=''
AMTAR='${SHELL} /cygdrive/e/work/eq/server/lib/exmpp/ac-aux/missing --run tar'
AR='ar'
AUTOCONF='${SHELL} /cygdrive/e/work/eq/server/lib/exmpp/ac-aux/missing --run autoconf'
AUTOHEADER='${SHELL} /cygdrive/e/work/eq/server/lib/exmpp/ac-aux/missing --run autoheader'
AUTOMAKE='${SHELL} /cygdrive/e/work/eq/server/lib/exmpp/ac-aux/missing --run automake-1.11'
AWK='gawk'
BUILD_COMPAT_FALSE=''
BUILD_COMPAT_TRUE='#'
CC='gcc -std=gnu99'
CCDEPMODE='depmode=gcc3'
CFLAGS='-g -O2 -Wall -Werror'
COMPAT_MODULES='%'
COMPAT_MODULES_START=' % Compatibility modules disabled:'
CPP='gcc -std=gnu99 -E'
CPPFLAGS='-DNDEBUG'
CYGPATH_W='cygpath -w'
DEFS='-DHAVE_CONFIG_H'
DEPDIR='.deps'
DSYMUTIL=''
DUMPBIN=''
ECHO_C=''
ECHO_N='-n'
ECHO_T=''
EGREP='/usr/bin/grep -E'
EMKOPTS='report_warnings, {warn_format, 1}, warn_export_vars, warn_shadow_vars, warn_unused_import, {d, '\''HAVE_EXPAT'\''}, {d, '\''HAVE_OPENSSL'\''}, {d, '\''HAVE_ZLIB'\''}'
ENABLE_DOCUMENTATION_FALSE='#'
ENABLE_DOCUMENTATION_TRUE=''
ENABLE_EXAMPLES_FALSE=''
ENABLE_EXAMPLES_TRUE='#'
ENABLE_SMP_SUPPORT_FALSE='#'
ENABLE_SMP_SUPPORT_TRUE=''
ENABLE_TESTSUITE_FALSE='#'
ENABLE_TESTSUITE_TRUE=''
ERL='/cygdrive/d/erl5.7.5/bin/erl'
ERLANG_ERTS_DIR='d:/ERL57~1.5/erts-5.7.5'
ERLANG_ERTS_VER='5.7.5'
ERLANG_INSTALL_LIB_DIR='d:/ERL57~1.5/lib'
ERLANG_INSTALL_LIB_DIR_exmpp='${ERLANG_INSTALL_LIB_DIR}/exmpp-${VERSION}'
ERLANG_LIB_DIR='d:/ERL57~1.5/lib'
ERLANG_LIB_DIR_erl_interface='d:/ERL57~1.5/lib/erl_interface-3.6.5'
ERLANG_LIB_DIR_eunit=''
ERLANG_LIB_VER_erl_interface='3.6.5'
ERLANG_LIB_VER_eunit=''
ERLANG_RELEASE='R13B04'
ERLANG_ROOT_DIR='d:/ERL57~1.5'
ERLC='/cygdrive/d/erl5.7.5/bin/erlc'
ERLCFLAGS=''
ERL_DRIVER_LDFLAGS=''
ESCRIPT='/cygdrive/d/erl5.7.5/bin/escript'
EXEEXT='.exe'
EXMPP_BUILD_ARCH=''
EXMPP_HOST_ARCH=''
EXMPP_RELEASE_DATE=''
EXPAT_CPPFLAGS=''
EXPAT_LDFLAGS=''
EXPAT_LIBS='-lexpat'
FGREP='/usr/bin/grep -F'
GREP='/usr/bin/grep'
INSTALL_DATA='${INSTALL} -m 644'
INSTALL_PROGRAM='${INSTALL}'
INSTALL_SCRIPT='${INSTALL}'
INSTALL_STRIP_PROGRAM='$(install_sh) -c -s'
LD='/usr/i686-pc-cygwin/bin/ld.exe'
LDFLAGS=''
LIBOBJS=''
LIBS=''
LIBTOOL='$(SHELL) $(top_builddir)/libtool'
LIBXML2_CFLAGS=''
LIBXML2_LIBS=''
LIPO=''
LN_S='ln -s'
LTLIBOBJS=''
MAKEINFO='${SHELL} /cygdrive/e/work/eq/server/lib/exmpp/ac-aux/missing --run makeinfo'
MKDIR_P='/usr/bin/mkdir -p'
NM='/usr/bin/nm -B'
NMEDIT=''
OBJDUMP='objdump'
OBJEXT='o'
OPENSSL_CPPFLAGS=''
OPENSSL_LDFLAGS=''
OPENSSL_LIBS='-lssl -lcrypto'
OTOOL64=''
OTOOL=''
PACKAGE='exmpp'
PACKAGE_BUGREPORT='js.pedron@meetic-corp.com'
PACKAGE_NAME='exmpp'
PACKAGE_STRING='exmpp 0.9.5'
PACKAGE_TARNAME='exmpp'
PACKAGE_URL=''
PACKAGE_VERSION='0.9.5'
PATH_SEPARATOR=':'
PKG_CONFIG=''
RANLIB='ranlib'
SED='/usr/bin/sed'
SET_MAKE=''
SHELL='/bin/sh'
STRIP='strip'
VERSION='0.9.5'
WITH_EXPAT_FALSE='#'
WITH_EXPAT_TRUE=''
WITH_LIBXML2_FALSE=''
WITH_LIBXML2_TRUE='#'
WITH_OPENSSL_FALSE='#'
WITH_OPENSSL_TRUE=''
WITH_ZLIB_FALSE='#'
WITH_ZLIB_TRUE=''
ZLIB_CPPFLAGS=''
ZLIB_LDFLAGS=''
ZLIB_LIBS='-lz'
ac_ct_CC='gcc'
ac_ct_DUMPBIN=''
am__EXEEXT_FALSE='#'
am__EXEEXT_TRUE=''
am__fastdepCC_FALSE='#'
am__fastdepCC_TRUE=''
am__include='include'
am__isrc=''
am__leading_dot='.'
am__quote=''
am__tar='${AMTAR} chof - "$$tardir"'
am__untar='${AMTAR} xf -'
bindir='${exec_prefix}/bin'
build='i686-pc-cygwin'
build_alias=''
build_cpu='i686'
build_os='cygwin'
build_vendor='pc'
datadir='${datarootdir}'
datarootdir='${prefix}/share'
docdir='${datarootdir}/doc/${PACKAGE_TARNAME}'
dvidir='${docdir}'
exec_prefix='${prefix}'
exp_ERLANG_INSTALL_LIB_DIR_exmpp='d:/ERL57~1.5/lib/exmpp-0.9.5'
host='i686-pc-cygwin'
host_alias=''
host_cpu='i686'
host_os='cygwin'
host_vendor='pc'
htmldir='${docdir}'
includedir='${prefix}/include'
infodir='${datarootdir}/info'
install_sh='${SHELL} /cygdrive/e/work/eq/server/lib/exmpp/ac-aux/install-sh'
libdir='${exec_prefix}/lib'
libexecdir='${exec_prefix}/libexec'
localedir='${datarootdir}/locale'
localstatedir='${prefix}/var'
lt_ECHO='echo'
mandir='${datarootdir}/man'
mkdir_p='/usr/bin/mkdir -p'
oldincludedir='/usr/include'
pdfdir='${docdir}'
prefix='/usr/local'
program_transform_name='s,x,x,'
psdir='${docdir}'
sbindir='${exec_prefix}/sbin'
sharedstatedir='${prefix}/com'
sysconfdir='${prefix}/etc'
target='i686-pc-cygwin'
target_alias=''
target_cpu='i686'
target_os='cygwin'
target_vendor='pc'

## ----------- ##
## confdefs.h. ##
## ----------- ##

/* confdefs.h */
#define PACKAGE_NAME "exmpp"
#define PACKAGE_TARNAME "exmpp"
#define PACKAGE_VERSION "0.9.5"
#define PACKAGE_STRING "exmpp 0.9.5"
#define PACKAGE_BUGREPORT "js.pedron@meetic-corp.com"
#define PACKAGE_URL ""
#define PACKAGE "exmpp"
#define VERSION "0.9.5"
#define STDC_HEADERS 1
#define HAVE_SYS_TYPES_H 1
#define HAVE_SYS_STAT_H 1
#define HAVE_STDLIB_H 1
#define HAVE_STRING_H 1
#define HAVE_MEMORY_H 1
#define HAVE_STRINGS_H 1
#define HAVE_INTTYPES_H 1
#define HAVE_STDINT_H 1
#define HAVE_UNISTD_H 1
#define HAVE_DLFCN_H 1
#define LT_OBJDIR ".libs/"
#define SMP_SUPPORT /**/
#define USE_RWLOCK /**/
#define _REENTRANT /**/
#define HAVE_EXPAT_H 1
#define HAVE_LIBEXPAT 1
#define HAVE_OPENSSL_SSL_H 1
#define HAVE_LIBSSL 1
#define HAVE_ZLIB_H 1
#define HAVE_LIBZ 1

configure: exit 0
